<?xml version="1.0" encoding="UTF-8"?>
<!-- Generated by org.testng.reporters.JUnitXMLReporter -->
<testsuite hostname="DESKTOP-SODFEFU" name="Test" tests="3" failures="0" timestamp="11 Sep 2019 12:08:44 GMT" time="122.727" errors="0">
  <testcase name="sign_In" time="51.593" classname="inline.execution_part.Execution_For_All_Functions"/>
  <testcase name="webpage_click" time="29.997" classname="inline.execution_part.Execution_For_All_Functions"/>
  <testcase name="insertVideo" time="32.454" classname="inline.execution_part.Execution_For_All_Functions"/>
</testsuite> <!-- Test -->
